<?xml version="1.0" encoding="UTF-8" ?>
<testsuites>
  <testsuite errors="0" failures="0" hostname="osil005" id="0" name="DeliciousHtmlParserTest" package="folksonomy" tests="4" time="1.221" timestamp="2011-10-23T21:04:27">
      <properties />

      <testcase classname="folksonomy.DeliciousHtmlParserTest" name="testParserSpeedNormal" time="0.792" />

      <testcase classname="folksonomy.DeliciousHtmlParserTest" name="testParserSpeedFaster" time="0.148" />

      <testcase classname="folksonomy.DeliciousHtmlParserTest" name="testParserSpeedFastest" time="0.128" />

      <testcase classname="folksonomy.DeliciousHtmlParserTest" name="testParserSpeedJava" time="0.124" />

      <system-out />

      <system-err><![CDATA[--Output from testParserSpeedNormal--
--Output from testParserSpeedFaster--
--Output from testParserSpeedFastest--
--Output from testParserSpeedJava--
]]></system-err>

  </testsuite>
</testsuites>
